<?xml version="1.0" encoding="UTF-8"?>

<testsuite name="com.adobe.utils.NumberFormatterTest" tests="1" failures="0" errors="0" skipped="0" time="0.0">
  <testcase classname="com.adobe.utils::NumberFormatterTest" name="testAddLeadingZero" time="0.000" status="success"/>
</testsuite>
