<?xml version="1.0" encoding="UTF-8"?>

<testsuite name="com.adobe.air.filesystem.FileMonitorTest" tests="1" failures="0" errors="0" skipped="0" time="0.0">
  <testcase classname="com.adobe.air.filesystem::FileMonitorTest" name="test_interval" time="0.000" status="success"/>
</testsuite>
