<?xml version="1.0" encoding="UTF-8"?>

<testsuite name="com.adobe.utils.StringUtilTest" tests="8" failures="0" errors="0" skipped="0" time="0.0">
  <testcase classname="com.adobe.utils::StringUtilTest" name="testBeginsWith" time="0.000" status="success"/>
  <testcase classname="com.adobe.utils::StringUtilTest" name="testRemove" time="0.000" status="success"/>
  <testcase classname="com.adobe.utils::StringUtilTest" name="testReplace" time="0.000" status="success"/>
  <testcase classname="com.adobe.utils::StringUtilTest" name="testTrim" time="0.000" status="success"/>
  <testcase classname="com.adobe.utils::StringUtilTest" name="testRTrim" time="0.000" status="success"/>
  <testcase classname="com.adobe.utils::StringUtilTest" name="testLTrim" time="0.000" status="success"/>
  <testcase classname="com.adobe.utils::StringUtilTest" name="testStringsAreEqual" time="0.000" status="success"/>
  <testcase classname="com.adobe.utils::StringUtilTest" name="testEndsWith" time="0.000" status="success"/>
</testsuite>
