<?xml version="1.0" encoding="UTF-8"?>

<testsuite name="com.adobe.protocols.util.CompletedResponseEventTest" tests="1" failures="0" errors="0" skipped="0" time="0.0">
  <testcase classname="com.adobe.protocols.util::CompletedResponseEventTest" name="test_clone" time="0.000" status="success"/>
</testsuite>
