<?xml version="1.0" encoding="UTF-8"?>

<testsuite name="com.adobe.utils.IntUtilTest" tests="2" failures="0" errors="0" skipped="0" time="0.0">
  <testcase classname="com.adobe.utils::IntUtilTest" name="testRol" time="0.000" status="success"/>
  <testcase classname="com.adobe.utils::IntUtilTest" name="testToHex" time="0.000" status="success"/>
</testsuite>
