<?xml version="1.0" encoding="UTF-8"?>

<testsuite name="com.adobe.crypto.SHA224Test" tests="3" failures="0" errors="0" skipped="0" time="0.0">
  <testcase classname="com.adobe.crypto::SHA224Test" name="testSHA224" time="0.000" status="success"/>
  <testcase classname="com.adobe.crypto::SHA224Test" name="testSHA224Binary" time="0.000" status="success"/>
  <testcase classname="com.adobe.crypto::SHA224Test" name="testSHA224Base64" time="0.000" status="success"/>
</testsuite>
