<?xml version="1.0" encoding="UTF-8"?>

<testsuite name="com.adobe.protocols.events.DefinitionHeaderEventTest" tests="1" failures="0" errors="0" skipped="0" time="0.0">
  <testcase classname="com.adobe.protocols.events::DefinitionHeaderEventTest" name="test_clone" time="0.000" status="success"/>
</testsuite>
