<?xml version="1.0" encoding="UTF-8"?>

<testsuite name="com.adobe.air.crypto.EncryptionKeyGeneratorTest" tests="3" failures="0" errors="0" skipped="0" time="0.0">
  <testcase classname="com.adobe.air.crypto::EncryptionKeyGeneratorTest" name="test_validateStrongPassword" time="0.000" status="success"/>
  <testcase classname="com.adobe.air.crypto::EncryptionKeyGeneratorTest" name="test_getEncryptionKey" time="0.000" status="success"/>
  <testcase classname="com.adobe.air.crypto::EncryptionKeyGeneratorTest" name="test_getEncryptionKeyAgain" time="0.000" status="success"/>
</testsuite>
