<?xml version="1.0" encoding="UTF-8"?>

<testsuite name="com.adobe.utils.DictionaryUtilTest" tests="2" failures="0" errors="0" skipped="0" time="0.0">
  <testcase classname="com.adobe.utils::DictionaryUtilTest" name="testGetValues" time="0.000" status="success"/>
  <testcase classname="com.adobe.utils::DictionaryUtilTest" name="testGetKeys" time="0.000" status="success"/>
</testsuite>
