<?xml version="1.0" encoding="UTF-8"?>

<testsuite name="com.adobe.images.JPGEncoderTest" tests="1" failures="0" errors="0" skipped="0" time="0.0">
  <testcase classname="com.adobe.images::JPGEncoderTest" name="testConstructor" time="0.000" status="success"/>
</testsuite>
