<?xml version="1.0" encoding="UTF-8"?>

<testsuite name="com.adobe.utils.ArrayUtilTest" tests="5" failures="0" errors="0" skipped="0" time="0.0">
  <testcase classname="com.adobe.utils::ArrayUtilTest" name="testRemoveValueFromArray" time="0.000" status="success"/>
  <testcase classname="com.adobe.utils::ArrayUtilTest" name="testArrayContainsValue" time="0.000" status="success"/>
  <testcase classname="com.adobe.utils::ArrayUtilTest" name="testArraysAreEqual" time="0.000" status="success"/>
  <testcase classname="com.adobe.utils::ArrayUtilTest" name="testCreateUniqueCopy" time="0.000" status="success"/>
  <testcase classname="com.adobe.utils::ArrayUtilTest" name="testCopyArray" time="0.000" status="success"/>
</testsuite>
